# JRE version: Java(TM) SE Runtime Environment (15.0.2+7) (build 15.0.2+7-27)
# Java VM: Java HotSpot(TM) 64-Bit Server VM (15.0.2+7-27, mixed mode, sharing, tiered, compressed oops, g1 gc, windows-amd64)
GC Precious Log:
 CPUs: 4 total, 4 available
 Memory: 4091M
 Large Page Support: Disabled
 NUMA Support: Disabled
 Compressed Oops: Enabled (32-bit)
 Heap Region Size: 1M
 Heap Min Capacity: 8M
 Heap Initial Capacity: 64M
 Heap Max Capacity: 1G
 Pre-touch: Disabled
 Parallel Workers: 4
 Concurrent Workers: 1
 Concurrent Refinement Workers: 4
 Periodic GC: Disabled
Heap:
 garbage-first heap   total 775168K, used 326656K [0x00000000c0000000, 0x0000000100000000)
  region size 1024K, 25 young (25600K), 25 survivors (25600K)
 Metaspace       used 873K, capacity 4578K, committed 4864K, reserved 1056768K
  class space    used 82K, capacity 394K, committed 512K, reserved 1048576K
GC Heap History (20 events):
Event: 1.795 GC heap after
{Heap after GC invocations=7 (full 0):
 garbage-first heap   total 137216K, used 53248K [0x00000000c0000000, 0x0000000100000000)
  region size 1024K, 8 young (8192K), 8 survivors (8192K)
 Metaspace       used 873K, capacity 4578K, committed 4864K, reserved 1056768K
  class space    used 82K, capacity 394K, committed 512K, reserved 1048576K
}
Event: 1.873 GC heap before
{Heap before GC invocations=7 (full 0):
 garbage-first heap   total 137216K, used 108544K [0x00000000c0000000, 0x0000000100000000)
  region size 1024K, 55 young (56320K), 8 survivors (8192K)
 Metaspace       used 873K, capacity 4578K, committed 4864K, reserved 1056768K
  class space    used 82K, capacity 394K, committed 512K, reserved 1048576K
}
Event: 1.904 GC heap after
{Heap after GC invocations=8 (full 0):
 garbage-first heap   total 137216K, used 68608K [0x00000000c0000000, 0x0000000100000000)
  region size 1024K, 7 young (7168K), 7 survivors (7168K)
 Metaspace       used 873K, capacity 4578K, committed 4864K, reserved 1056768K
  class space    used 82K, capacity 394K, committed 512K, reserved 1048576K
}
Event: 1.965 GC heap before
{Heap before GC invocations=8 (full 0):
 garbage-first heap   total 137216K, used 107520K [0x00000000c0000000, 0x0000000100000000)
  region size 1024K, 45 young (46080K), 7 survivors (7168K)
 Metaspace       used 873K, capacity 4578K, committed 4864K, reserved 1056768K
  class space    used 82K, capacity 394K, committed 512K, reserved 1048576K
}
Event: 1.989 GC heap after
{Heap after GC invocations=9 (full 0):
 garbage-first heap   total 307200K, used 75776K [0x00000000c0000000, 0x0000000100000000)
  region size 1024K, 6 young (6144K), 6 survivors (6144K)
 Metaspace       used 873K, capacity 4578K, committed 4864K, reserved 1056768K
  class space    used 82K, capacity 394K, committed 512K, reserved 1048576K
}
Event: 2.270 GC heap before
{Heap before GC invocations=9 (full 0):
 garbage-first heap   total 307200K, used 229376K [0x00000000c0000000, 0x0000000100000000)
  region size 1024K, 145 young (148480K), 6 survivors (6144K)
 Metaspace       used 873K, capacity 4578K, committed 4864K, reserved 1056768K
  class space    used 82K, capacity 394K, committed 512K, reserved 1048576K
}
Event: 2.321 GC heap after
{Heap after GC invocations=10 (full 0):
 garbage-first heap   total 307200K, used 109303K [0x00000000c0000000, 0x0000000100000000)
  region size 1024K, 19 young (19456K), 19 survivors (19456K)
 Metaspace       used 873K, capacity 4578K, committed 4864K, reserved 1056768K
  class space    used 82K, capacity 394K, committed 512K, reserved 1048576K
}
Event: 2.487 GC heap before
{Heap before GC invocations=10 (full 0):
 garbage-first heap   total 307200K, used 238327K [0x00000000c0000000, 0x0000000100000000)
  region size 1024K, 129 young (132096K), 19 survivors (19456K)
 Metaspace       used 873K, capacity 4578K, committed 4864K, reserved 1056768K
  class space    used 82K, capacity 394K, committed 512K, reserved 1048576K
}
Event: 2.546 GC heap after
{Heap after GC invocations=11 (full 0):
 garbage-first heap   total 307200K, used 144158K [0x00000000c0000000, 0x0000000100000000)
  region size 1024K, 17 young (17408K), 17 survivors (17408K)
 Metaspace       used 873K, capacity 4578K, committed 4864K, reserved 1056768K
  class space    used 82K, capacity 394K, committed 512K, reserved 1048576K
}
Event: 2.674 GC heap before
{Heap before GC invocations=11 (full 0):
 garbage-first heap   total 307200K, used 237342K [0x00000000c0000000, 0x0000000100000000)
  region size 1024K, 108 young (110592K), 17 survivors (17408K)
 Metaspace       used 873K, capacity 4578K, committed 4864K, reserved 1056768K
  class space    used 82K, capacity 394K, committed 512K, reserved 1048576K
}
Event: 2.713 GC heap after
{Heap after GC invocations=12 (full 0):
 garbage-first heap   total 307200K, used 158720K [0x00000000c0000000, 0x0000000100000000)
  region size 1024K, 14 young (14336K), 14 survivors (14336K)
 Metaspace       used 873K, capacity 4578K, committed 4864K, reserved 1056768K
  class space    used 82K, capacity 394K, committed 512K, reserved 1048576K
}
Event: 2.827 GC heap before
{Heap before GC invocations=12 (full 0):
 garbage-first heap   total 307200K, used 243712K [0x00000000c0000000, 0x0000000100000000)
  region size 1024K, 97 young (99328K), 14 survivors (14336K)
 Metaspace       used 873K, capacity 4578K, committed 4864K, reserved 1056768K
  class space    used 82K, capacity 394K, committed 512K, reserved 1048576K
}
Event: 2.868 GC heap after
{Heap after GC invocations=13 (full 0):
 garbage-first heap   total 514048K, used 172544K [0x00000000c0000000, 0x0000000100000000)
  region size 1024K, 13 young (13312K), 13 survivors (13312K)
 Metaspace       used 873K, capacity 4578K, committed 4864K, reserved 1056768K
  class space    used 82K, capacity 394K, committed 512K, reserved 1048576K
}
Event: 3.929 GC heap before
{Heap before GC invocations=13 (full 0):
 garbage-first heap   total 592896K, used 368128K [0x00000000c0000000, 0x0000000100000000)
  region size 1024K, 214 young (219136K), 13 survivors (13312K)
 Metaspace       used 873K, capacity 4578K, committed 4864K, reserved 1056768K
  class space    used 82K, capacity 394K, committed 512K, reserved 1048576K
}
Event: 4.067 GC heap after
{Heap after GC invocations=14 (full 0):
 garbage-first heap   total 592896K, used 194560K [0x00000000c0000000, 0x0000000100000000)
  region size 1024K, 27 young (27648K), 27 survivors (27648K)
 Metaspace       used 873K, capacity 4578K, committed 4864K, reserved 1056768K
  class space    used 82K, capacity 394K, committed 512K, reserved 1048576K
}
Event: 4.935 GC heap before
{Heap before GC invocations=15 (full 0):
 garbage-first heap   total 592896K, used 423936K [0x00000000c0000000, 0x0000000100000000)
  region size 1024K, 251 young (257024K), 27 survivors (27648K)
 Metaspace       used 873K, capacity 4578K, committed 4864K, reserved 1056768K
  class space    used 82K, capacity 394K, committed 512K, reserved 1048576K
}
Event: 5.475 GC heap after
{Heap after GC invocations=16 (full 0):
 garbage-first heap   total 592896K, used 231424K [0x00000000c0000000, 0x0000000100000000)
  region size 1024K, 32 young (32768K), 32 survivors (32768K)
 Metaspace       used 873K, capacity 4578K, committed 4864K, reserved 1056768K
  class space    used 82K, capacity 394K, committed 512K, reserved 1048576K
}
Event: 5.789 GC heap before
{Heap before GC invocations=16 (full 0):
 garbage-first heap   total 592896K, used 468992K [0x00000000c0000000, 0x0000000100000000)
  region size 1024K, 228 young (233472K), 32 survivors (32768K)
 Metaspace       used 873K, capacity 4578K, committed 4864K, reserved 1056768K
  class space    used 82K, capacity 394K, committed 512K, reserved 1048576K
}
Event: 5.877 GC heap after
{Heap after GC invocations=17 (full 0):
 garbage-first heap   total 592896K, used 299520K [0x00000000c0000000, 0x0000000100000000)
  region size 1024K, 29 young (29696K), 29 survivors (29696K)
 Metaspace       used 873K, capacity 4578K, committed 4864K, reserved 1056768K
  class space    used 82K, capacity 394K, committed 512K, reserved 1048576K
}
Event: 6.104 GC heap before
{Heap before GC invocations=17 (full 0):
 garbage-first heap   total 592896K, used 469504K [0x00000000c0000000, 0x0000000100000000)
  region size 1024K, 195 young (199680K), 29 survivors (29696K)
 Metaspace       used 873K, capacity 4578K, committed 4864K, reserved 1056768K
  class space    used 82K, capacity 394K, committed 512K, reserved 1048576K
}

