# JRE version: Java(TM) SE Runtime Environment (15.0.2+7) (build 15.0.2+7-27)
# Java VM: Java HotSpot(TM) 64-Bit Server VM (15.0.2+7-27, mixed mode, sharing, tiered, compressed oops, g1 gc, windows-amd64)
GC Precious Log:
 CPUs: 4 total, 4 available
 Memory: 4091M
 Large Page Support: Disabled
 NUMA Support: Disabled
 Compressed Oops: Enabled (32-bit)
 Heap Region Size: 1M
 Heap Min Capacity: 8M
 Heap Initial Capacity: 64M
 Heap Max Capacity: 1G
 Pre-touch: Disabled
 Parallel Workers: 4
 Concurrent Workers: 1
 Concurrent Refinement Workers: 4
 Periodic GC: Disabled
Heap:
 garbage-first heap   total 476160K, used 75264K [0x00000000c0000000, 0x0000000100000000)
  region size 1024K, 8 young (8192K), 8 survivors (8192K)
 Metaspace       used 870K, capacity 4578K, committed 4864K, reserved 1056768K
  class space    used 82K, capacity 394K, committed 512K, reserved 1048576K
GC Heap History (17 events):
Event: 0.191 GC heap before
{Heap before GC invocations=0 (full 0):
 garbage-first heap   total 65536K, used 13312K [0x00000000c0000000, 0x0000000100000000)
  region size 1024K, 13 young (13312K), 0 survivors (0K)
 Metaspace       used 591K, capacity 4569K, committed 4864K, reserved 1056768K
  class space    used 51K, capacity 391K, committed 512K, reserved 1048576K
}
Event: 0.198 GC heap after
{Heap after GC invocations=1 (full 0):
 garbage-first heap   total 65536K, used 2108K [0x00000000c0000000, 0x0000000100000000)
  region size 1024K, 2 young (2048K), 2 survivors (2048K)
 Metaspace       used 591K, capacity 4569K, committed 4864K, reserved 1056768K
  class space    used 51K, capacity 391K, committed 512K, reserved 1048576K
}
Event: 0.235 GC heap before
{Heap before GC invocations=1 (full 0):
 garbage-first heap   total 65536K, used 17468K [0x00000000c0000000, 0x0000000100000000)
  region size 1024K, 17 young (17408K), 2 survivors (2048K)
 Metaspace       used 863K, capacity 4578K, committed 4864K, reserved 1056768K
  class space    used 82K, capacity 394K, committed 512K, reserved 1048576K
}
Event: 0.246 GC heap after
{Heap after GC invocations=2 (full 0):
 garbage-first heap   total 65536K, used 4042K [0x00000000c0000000, 0x0000000100000000)
  region size 1024K, 2 young (2048K), 2 survivors (2048K)
 Metaspace       used 863K, capacity 4578K, committed 4864K, reserved 1056768K
  class space    used 82K, capacity 394K, committed 512K, reserved 1048576K
}
Event: 0.325 GC heap before
{Heap before GC invocations=2 (full 0):
 garbage-first heap   total 65536K, used 37834K [0x00000000c0000000, 0x0000000100000000)
  region size 1024K, 34 young (34816K), 2 survivors (2048K)
 Metaspace       used 870K, capacity 4578K, committed 4864K, reserved 1056768K
  class space    used 82K, capacity 394K, committed 512K, reserved 1048576K
}
Event: 0.340 GC heap after
{Heap after GC invocations=3 (full 0):
 garbage-first heap   total 65536K, used 8331K [0x00000000c0000000, 0x0000000100000000)
  region size 1024K, 5 young (5120K), 5 survivors (5120K)
 Metaspace       used 870K, capacity 4578K, committed 4864K, reserved 1056768K
  class space    used 82K, capacity 394K, committed 512K, reserved 1048576K
}
Event: 0.395 GC heap before
{Heap before GC invocations=3 (full 0):
 garbage-first heap   total 65536K, used 42123K [0x00000000c0000000, 0x0000000100000000)
  region size 1024K, 37 young (37888K), 5 survivors (5120K)
 Metaspace       used 870K, capacity 4578K, committed 4864K, reserved 1056768K
  class space    used 82K, capacity 394K, committed 512K, reserved 1048576K
}
Event: 0.424 GC heap after
{Heap after GC invocations=4 (full 0):
 garbage-first heap   total 65536K, used 14319K [0x00000000c0000000, 0x0000000100000000)
  region size 1024K, 5 young (5120K), 5 survivors (5120K)
 Metaspace       used 870K, capacity 4578K, committed 4864K, reserved 1056768K
  class space    used 82K, capacity 394K, committed 512K, reserved 1048576K
}
Event: 0.455 GC heap before
{Heap before GC invocations=4 (full 0):
 garbage-first heap   total 65536K, used 46063K [0x00000000c0000000, 0x0000000100000000)
  region size 1024K, 34 young (34816K), 5 survivors (5120K)
 Metaspace       used 870K, capacity 4578K, committed 4864K, reserved 1056768K
  class space    used 82K, capacity 394K, committed 512K, reserved 1048576K
}
Event: 0.479 GC heap after
{Heap after GC invocations=5 (full 0):
 garbage-first heap   total 158720K, used 21105K [0x00000000c0000000, 0x0000000100000000)
  region size 1024K, 5 young (5120K), 5 survivors (5120K)
 Metaspace       used 870K, capacity 4578K, committed 4864K, reserved 1056768K
  class space    used 82K, capacity 394K, committed 512K, reserved 1048576K
}
Event: 0.607 GC heap before
{Heap before GC invocations=5 (full 0):
 garbage-first heap   total 158720K, used 114289K [0x00000000c0000000, 0x0000000100000000)
  region size 1024K, 89 young (91136K), 5 survivors (5120K)
 Metaspace       used 870K, capacity 4578K, committed 4864K, reserved 1056768K
  class space    used 82K, capacity 394K, committed 512K, reserved 1048576K
}
Event: 0.653 GC heap after
{Heap after GC invocations=6 (full 0):
 garbage-first heap   total 158720K, used 40782K [0x00000000c0000000, 0x0000000100000000)
  region size 1024K, 12 young (12288K), 12 survivors (12288K)
 Metaspace       used 870K, capacity 4578K, committed 4864K, reserved 1056768K
  class space    used 82K, capacity 394K, committed 512K, reserved 1048576K
}
Event: 0.721 GC heap before
{Heap before GC invocations=6 (full 0):
 garbage-first heap   total 158720K, used 107342K [0x00000000c0000000, 0x0000000100000000)
  region size 1024K, 77 young (78848K), 12 survivors (12288K)
 Metaspace       used 870K, capacity 4578K, committed 4864K, reserved 1056768K
  class space    used 82K, capacity 394K, committed 512K, reserved 1048576K
}
Event: 0.761 GC heap after
{Heap after GC invocations=7 (full 0):
 garbage-first heap   total 158720K, used 51522K [0x00000000c0000000, 0x0000000100000000)
  region size 1024K, 10 young (10240K), 10 survivors (10240K)
 Metaspace       used 870K, capacity 4578K, committed 4864K, reserved 1056768K
  class space    used 82K, capacity 394K, committed 512K, reserved 1048576K
}
Event: 0.824 GC heap before
{Heap before GC invocations=7 (full 0):
 garbage-first heap   total 158720K, used 118082K [0x00000000c0000000, 0x0000000100000000)
  region size 1024K, 70 young (71680K), 10 survivors (10240K)
 Metaspace       used 870K, capacity 4578K, committed 4864K, reserved 1056768K
  class space    used 82K, capacity 394K, committed 512K, reserved 1048576K
}
Event: 0.857 GC heap after
{Heap after GC invocations=8 (full 0):
 garbage-first heap   total 158720K, used 66560K [0x00000000c0000000, 0x0000000100000000)
  region size 1024K, 9 young (9216K), 9 survivors (9216K)
 Metaspace       used 870K, capacity 4578K, committed 4864K, reserved 1056768K
  class space    used 82K, capacity 394K, committed 512K, reserved 1048576K
}
Event: 0.910 GC heap before
{Heap before GC invocations=8 (full 0):
 garbage-first heap   total 158720K, used 119808K [0x00000000c0000000, 0x0000000100000000)
  region size 1024K, 61 young (62464K), 9 survivors (9216K)
 Metaspace       used 870K, capacity 4578K, committed 4864K, reserved 1056768K
  class space    used 82K, capacity 394K, committed 512K, reserved 1048576K
}

