# JRE version: Java(TM) SE Runtime Environment (15.0.2+7) (build 15.0.2+7-27)
# Java VM: Java HotSpot(TM) 64-Bit Server VM (15.0.2+7-27, mixed mode, sharing, tiered, compressed oops, g1 gc, windows-amd64)
GC Precious Log:
 CPUs: 4 total, 4 available
 Memory: 4091M
 Large Page Support: Disabled
 NUMA Support: Disabled
 Compressed Oops: Enabled (32-bit)
 Heap Region Size: 1M
 Heap Min Capacity: 8M
 Heap Initial Capacity: 64M
 Heap Max Capacity: 1G
 Pre-touch: Disabled
 Parallel Workers: 4
 Concurrent Workers: 1
 Concurrent Refinement Workers: 4
 Periodic GC: Disabled
Heap:
 garbage-first heap   total 448512K, used 78848K [0x00000000c0000000, 0x0000000100000000)
  region size 1024K, 7 young (7168K), 7 survivors (7168K)
 Metaspace       used 873K, capacity 4578K, committed 4864K, reserved 1056768K
  class space    used 82K, capacity 394K, committed 512K, reserved 1048576K
GC Heap History (17 events):
Event: 0.182 GC heap before
{Heap before GC invocations=0 (full 0):
 garbage-first heap   total 65536K, used 13312K [0x00000000c0000000, 0x0000000100000000)
  region size 1024K, 13 young (13312K), 0 survivors (0K)
 Metaspace       used 866K, capacity 4578K, committed 4864K, reserved 1056768K
  class space    used 82K, capacity 394K, committed 512K, reserved 1048576K
}
Event: 0.187 GC heap after
{Heap after GC invocations=1 (full 0):
 garbage-first heap   total 65536K, used 1792K [0x00000000c0000000, 0x0000000100000000)
  region size 1024K, 2 young (2048K), 2 survivors (2048K)
 Metaspace       used 866K, capacity 4578K, committed 4864K, reserved 1056768K
  class space    used 82K, capacity 394K, committed 512K, reserved 1048576K
}
Event: 0.226 GC heap before
{Heap before GC invocations=1 (full 0):
 garbage-first heap   total 65536K, used 18176K [0x00000000c0000000, 0x0000000100000000)
  region size 1024K, 18 young (18432K), 2 survivors (2048K)
 Metaspace       used 873K, capacity 4578K, committed 4864K, reserved 1056768K
  class space    used 82K, capacity 394K, committed 512K, reserved 1048576K
}
Event: 0.236 GC heap after
{Heap after GC invocations=2 (full 0):
 garbage-first heap   total 65536K, used 3315K [0x00000000c0000000, 0x0000000100000000)
  region size 1024K, 2 young (2048K), 2 survivors (2048K)
 Metaspace       used 873K, capacity 4578K, committed 4864K, reserved 1056768K
  class space    used 82K, capacity 394K, committed 512K, reserved 1048576K
}
Event: 0.328 GC heap before
{Heap before GC invocations=2 (full 0):
 garbage-first heap   total 65536K, used 41203K [0x00000000c0000000, 0x0000000100000000)
  region size 1024K, 38 young (38912K), 2 survivors (2048K)
 Metaspace       used 873K, capacity 4578K, committed 4864K, reserved 1056768K
  class space    used 82K, capacity 394K, committed 512K, reserved 1048576K
}
Event: 0.337 GC heap after
{Heap after GC invocations=3 (full 0):
 garbage-first heap   total 65536K, used 6787K [0x00000000c0000000, 0x0000000100000000)
  region size 1024K, 4 young (4096K), 4 survivors (4096K)
 Metaspace       used 873K, capacity 4578K, committed 4864K, reserved 1056768K
  class space    used 82K, capacity 394K, committed 512K, reserved 1048576K
}
Event: 0.406 GC heap before
{Heap before GC invocations=3 (full 0):
 garbage-first heap   total 65536K, used 44675K [0x00000000c0000000, 0x0000000100000000)
  region size 1024K, 38 young (38912K), 4 survivors (4096K)
 Metaspace       used 873K, capacity 4578K, committed 4864K, reserved 1056768K
  class space    used 82K, capacity 394K, committed 512K, reserved 1048576K
}
Event: 0.437 GC heap after
{Heap after GC invocations=4 (full 0):
 garbage-first heap   total 65536K, used 14477K [0x00000000c0000000, 0x0000000100000000)
  region size 1024K, 5 young (5120K), 5 survivors (5120K)
 Metaspace       used 873K, capacity 4578K, committed 4864K, reserved 1056768K
  class space    used 82K, capacity 394K, committed 512K, reserved 1048576K
}
Event: 0.488 GC heap before
{Heap before GC invocations=4 (full 0):
 garbage-first heap   total 65536K, used 49293K [0x00000000c0000000, 0x0000000100000000)
  region size 1024K, 36 young (36864K), 5 survivors (5120K)
 Metaspace       used 873K, capacity 4578K, committed 4864K, reserved 1056768K
  class space    used 82K, capacity 394K, committed 512K, reserved 1048576K
}
Event: 0.523 GC heap after
{Heap after GC invocations=5 (full 0):
 garbage-first heap   total 149504K, used 22528K [0x00000000c0000000, 0x0000000100000000)
  region size 1024K, 5 young (5120K), 5 survivors (5120K)
 Metaspace       used 873K, capacity 4578K, committed 4864K, reserved 1056768K
  class space    used 82K, capacity 394K, committed 512K, reserved 1048576K
}
Event: 0.684 GC heap before
{Heap before GC invocations=5 (full 0):
 garbage-first heap   total 149504K, used 114688K [0x00000000c0000000, 0x0000000100000000)
  region size 1024K, 86 young (88064K), 5 survivors (5120K)
 Metaspace       used 873K, capacity 4578K, committed 4864K, reserved 1056768K
  class space    used 82K, capacity 394K, committed 512K, reserved 1048576K
}
Event: 0.727 GC heap after
{Heap after GC invocations=6 (full 0):
 garbage-first heap   total 149504K, used 44564K [0x00000000c0000000, 0x0000000100000000)
  region size 1024K, 11 young (11264K), 11 survivors (11264K)
 Metaspace       used 873K, capacity 4578K, committed 4864K, reserved 1056768K
  class space    used 82K, capacity 394K, committed 512K, reserved 1048576K
}
Event: 0.816 GC heap before
{Heap before GC invocations=6 (full 0):
 garbage-first heap   total 149504K, used 103956K [0x00000000c0000000, 0x0000000100000000)
  region size 1024K, 69 young (70656K), 11 survivors (11264K)
 Metaspace       used 873K, capacity 4578K, committed 4864K, reserved 1056768K
  class space    used 82K, capacity 394K, committed 512K, reserved 1048576K
}
Event: 0.855 GC heap after
{Heap after GC invocations=7 (full 0):
 garbage-first heap   total 149504K, used 54656K [0x00000000c0000000, 0x0000000100000000)
  region size 1024K, 9 young (9216K), 9 survivors (9216K)
 Metaspace       used 873K, capacity 4578K, committed 4864K, reserved 1056768K
  class space    used 82K, capacity 394K, committed 512K, reserved 1048576K
}
Event: 0.941 GC heap before
{Heap before GC invocations=7 (full 0):
 garbage-first heap   total 149504K, used 116096K [0x00000000c0000000, 0x0000000100000000)
  region size 1024K, 62 young (63488K), 9 survivors (9216K)
 Metaspace       used 873K, capacity 4578K, committed 4864K, reserved 1056768K
  class space    used 82K, capacity 394K, committed 512K, reserved 1048576K
}
Event: 0.971 GC heap after
{Heap after GC invocations=8 (full 0):
 garbage-first heap   total 149504K, used 70656K [0x00000000c0000000, 0x0000000100000000)
  region size 1024K, 8 young (8192K), 8 survivors (8192K)
 Metaspace       used 873K, capacity 4578K, committed 4864K, reserved 1056768K
  class space    used 82K, capacity 394K, committed 512K, reserved 1048576K
}
Event: 1.038 GC heap before
{Heap before GC invocations=8 (full 0):
 garbage-first heap   total 149504K, used 115712K [0x00000000c0000000, 0x0000000100000000)
  region size 1024K, 52 young (53248K), 8 survivors (8192K)
 Metaspace       used 873K, capacity 4578K, committed 4864K, reserved 1056768K
  class space    used 82K, capacity 394K, committed 512K, reserved 1048576K
}

